Arguments: 
  /usr/bin/node /usr/share/yarn/bin/yarn.js add cors

PATH: 
  /usr/local/sbin:/usr/local/bin:/usr/sbin:/usr/bin:/sbin:/bin:/usr/games:/usr/local/games:/snap/bin

Yarn version: 
  1.22.19

Node version: 
  14.19.3

Platform: 
  linux x64

Trace: 
  Error: getaddrinfo EAI_AGAIN registry.yarnpkg.com
      at GetAddrInfoReqWrap.onlookup [as oncomplete] (dns.js:71:26)

npm manifest: 
  {
    "name": "myexpress",
    "version": "1.0.0",
    "description": "express learning from udemy",
    "main": "index.js",
    "scripts": {
      "start": "nodemon server.js"
    },
    "author": "kirubel girmay",
    "license": "ISC",
    "dependencies": {
      "bcryptjs": "^2.4.3",
      "dotenv": "^8.2.0",
      "express": "^4.17.1",
      "express-validator": "^6.4.0",
      "gravator": "^1.0.2",
      "jsonwebtoken": "^8.5.1",
      "mongoose": "^5.9.2",
      "morgan": "^1.9.1",
      "slugify": "^1.3.6"
    },
    "devDependencies": {
      "eslint": "^6.8.0",
      "eslint-config-airbnb": "^18.0.1",
      "eslint-config-prettier": "^6.10.0",
      "eslint-plugin-import": "^2.20.1",
      "eslint-plugin-jsx-a11y": "^6.2.3",
      "eslint-plugin-node": "^11.0.0",
      "eslint-plugin-prettier": "^3.1.2",
      "eslint-plugin-react": "^7.18.3",
      "nodemon": "^2.0.2",
      "prettier": "^1.19.1"
    }
  }

yarn manifest: 
  No manifest

Lockfile: 
  No lockfile
